10:13:33.745 [main] INFO  - ---- TestCase_01_EnteringRequiredValuesInHomePage Started ----
10:13:36.336 [main] INFO  - ---- TestCase_01_EnteringRequiredValuesInHomePage Ended ----
10:13:36.508 [main] INFO  - ---- TestCase_02_DisplayingTheEMIPaymentTable Started ----
10:13:38.554 [main] INFO  - ---- TestCase_02_DisplayingTheEMIPaymentTable Ended ----
10:14:27.883 [main] INFO  - ---- TestCase_03_StoringTheYearTableInExcel Started ----
10:14:37.193 [main] INFO  - ---- TestCase_03_StoringTheYearTableInExcel Ended ----
10:16:22.911 [main] INFO  - ---- TestCase_13_LoanAmtCalculator_ValidatingEMITextBoxAndSlider Started ----
10:16:23.043 [main] INFO  - ---- TestCase_13_LoanAmtCalculator_ValidatingEMITextBoxAndSlider Ended ----
10:16:23.232 [main] INFO  - ---- TestCase_14_LoanAmtCalculator_ValidatingInterestRateTextBoxAndSlider Started ----
10:16:23.352 [main] INFO  - ---- TestCase_14_LoanAmtCalculator_ValidatingInterestRateTextBoxAndSlider Ended ----
10:16:23.568 [main] INFO  - ---- TestCase_15_LoanAmtCalculator_ScaleChangeForInterestRateTextBoxAndSlider Started ----
10:16:24.541 [main] INFO  - ---- TestCase_15_LoanAmtCalculator_ScaleChangeForInterestRateTextBoxAndSlider Ended ----
10:16:24.724 [main] INFO  - ---- TestCase_16_LoanAmtCalculator_ValidatingLoanTenureTextBoxAndSlider Started ----
10:16:24.840 [main] INFO  - ---- TestCase_16_LoanAmtCalculator_ValidatingLoanTenureTextBoxAndSlider Ended ----
10:16:24.995 [main] INFO  - ---- TestCase_17_LoanAmtCalculator_ScaleChangeForLoanTenureTextBoxAndSlider Started ----
10:16:25.929 [main] INFO  - ---- TestCase_17_LoanAmtCalculator_ScaleChangeForLoanTenureTextBoxAndSlider Ended ----
10:16:26.085 [main] INFO  - ---- TestCase_18_LoanAmtCalculator_ValidatingFeesAndChargesTextBoxAndSlider Started ----
10:16:26.223 [main] INFO  - ---- TestCase_18_LoanAmtCalculator_ValidatingFeesAndChargesTextBoxAndSlider Ended ----
10:16:26.386 [main] INFO  - ---- TestCase_19_LoanAmtCalculator_ValidationForYearAndMonthOption Started ----
10:16:26.472 [main] INFO  - ---- TestCase_19_LoanAmtCalculator_ValidationForYearAndMonthOption Ended ----
10:16:26.641 [main] INFO  - ---- TestCase_20_LoanAmtCalculator_ScaleChangeForFeesAndChargesTextBoxAndSlider Started ----
10:16:27.801 [main] INFO  - ---- TestCase_20_LoanAmtCalculator_ScaleChangeForFeesAndChargesTextBoxAndSlider Ended ----
10:17:21.766 [main] INFO  - ---- TestCase_21_LoanTenureCalculator_ValidatingLoanAmountTextBoxAndSlider Started ----
10:17:21.865 [main] INFO  - ---- TestCase_21_LoanTenureCalculator_ValidatingLoanAmountTextBoxAndSlider Ended ----
10:17:22.032 [main] INFO  - ---- TestCase_22_LoanTenureCalculator_ScaleChangeForLoanAmountTextBoxAndSlider Started ----
10:17:23.019 [main] INFO  - ---- TestCase_22_LoanTenureCalculator_ScaleChangeForLoanAmountTextBoxAndSlider Ended ----
10:17:23.228 [main] INFO  - ---- TestCase_23_LoanTenureCalculator_ValidatingEMITextBoxAndSlider Started ----
10:17:23.366 [main] INFO  - ---- TestCase_23_LoanTenureCalculator_ValidatingEMITextBoxAndSlider Ended ----
10:17:23.541 [main] INFO  - ---- TestCase_24_LoanTenureCalculator_ValidatingInterestRateTextBoxAndSlider Started ----
10:17:23.668 [main] INFO  - ---- TestCase_24_LoanTenureCalculator_ValidatingInterestRateTextBoxAndSlider Ended ----
10:17:23.834 [main] INFO  - ---- TestCase_25_LoanTenureCalculator_ScaleChangeForInterestRateTextBoxAndSlider Started ----
10:17:24.854 [main] INFO  - ---- TestCase_25_LoanTenureCalculator_ScaleChangeForInterestRateTextBoxAndSlider Ended ----
10:17:25.015 [main] INFO  - ---- TestCase_26_LoanTenureCalculator_ValidatingFeesAndChargesTextBoxAndSlider Started ----
10:17:25.124 [main] INFO  - ---- TestCase_26_LoanTenureCalculator_ValidatingFeesAndChargesTextBoxAndSlider Ended ----
10:17:25.287 [main] INFO  - ---- TestCase_27_LoanTenureCalculator_ScaleChangeForFeesAndChargesTextBoxAndSlider Started ----
10:17:26.278 [main] INFO  - ---- TestCase_27_LoanTenureCalculator_ScaleChangeForFeesAndChargesTextBoxAndSlider Ended ----
10:20:10.789 [main] INFO  - ---- TestCase_01_EnteringRequiredValuesInHomePage Started ----
10:20:13.302 [main] INFO  - ---- TestCase_01_EnteringRequiredValuesInHomePage Ended ----
10:20:13.484 [main] INFO  - ---- TestCase_02_DisplayingTheEMIPaymentTable Started ----
10:20:15.968 [main] INFO  - ---- TestCase_02_DisplayingTheEMIPaymentTable Ended ----
10:21:22.067 [main] INFO  - ---- TestCase_03_StoringTheYearTableInExcel Started ----
10:21:33.545 [main] INFO  - ---- TestCase_03_StoringTheYearTableInExcel Ended ----
10:22:28.000 [main] INFO  - -----TestCase_04_EMICalculator_ValidatingLoanAmountTextBoxAndSlider  started.------
10:22:28.247 [main] INFO  - TestCase_04_EMICalculator_ValidatingLoanAmountTextBoxAndSlider ended.
10:22:28.444 [main] INFO  - TestCase_05_EMICalculator_ScaleChangeForLoanAmountTextBoxAndSlider started.
10:22:29.498 [main] INFO  - TestCase_05_EMICalculator_ScaleChangeForLoanAmountTextBoxAndSlider started.
10:22:29.666 [main] INFO  - TestCase_06_EMICalculator_ValidatingInterestRateTextBoxAndSlider started.
10:22:29.779 [main] INFO  - TestCase_06_EMICalculator_ValidatingInterestRateTextBoxAndSlider ended.
10:22:29.941 [main] INFO  - TestCase_07_EMICalculator_ScaleChangeForInterestRateTextBoxAndSlider started
10:22:30.855 [main] INFO  - TestCase_07_EMICalculator_ScaleChangeForInterestRateTextBoxAndSlider ended
10:22:31.037 [main] INFO  - TestCase_08_EMICalculator_ValidatingLoanTenureTextBoxAndSlider started.
10:22:31.288 [main] INFO  - TestCase_08_EMICalculator_ValidatingLoanTenureTextBoxAndSlider ended.
10:22:31.483 [main] INFO  - TestCase_09_EMICalculator_ScaleChangeForLoanTenureTextBoxAndSlider started
10:22:32.514 [main] INFO  - TestCase_09_EMICalculator_ScaleChangeForLoanTenureTextBoxAndSlider ended
10:22:32.679 [main] INFO  - TestCase_10_EMICalculator_ValidatingFeesAndChargesTextBoxAndSlider started.
10:22:32.825 [main] INFO  - TestCase_10_EMICalculator_ValidatingFeesAndChargesTextBoxAndSlider ended.
10:22:32.994 [main] INFO  - TestCase_11_EMICalculator_ScaleChangeForFeesAndChargesTextBoxAndSlider started
10:22:33.947 [main] INFO  - TestCase_11_EMICalculator_ScaleChangeForFeesAndChargesTextBoxAndSlider ended
10:22:34.120 [main] INFO  - TestCase_12_EMICalculator_ValidationForYearAndMonthOption started.
10:22:34.291 [main] INFO  - TestCase_12_EMICalculator_ValidationForYearAndMonthOption ended.
10:23:29.056 [main] INFO  - ---- TestCase_13_LoanAmtCalculator_ValidatingEMITextBoxAndSlider Started ----
10:23:29.187 [main] INFO  - ---- TestCase_13_LoanAmtCalculator_ValidatingEMITextBoxAndSlider Ended ----
10:23:29.367 [main] INFO  - ---- TestCase_14_LoanAmtCalculator_ValidatingInterestRateTextBoxAndSlider Started ----
10:23:29.515 [main] INFO  - ---- TestCase_14_LoanAmtCalculator_ValidatingInterestRateTextBoxAndSlider Ended ----
10:23:29.697 [main] INFO  - ---- TestCase_15_LoanAmtCalculator_ScaleChangeForInterestRateTextBoxAndSlider Started ----
10:23:30.653 [main] INFO  - ---- TestCase_15_LoanAmtCalculator_ScaleChangeForInterestRateTextBoxAndSlider Ended ----
10:23:30.822 [main] INFO  - ---- TestCase_16_LoanAmtCalculator_ValidatingLoanTenureTextBoxAndSlider Started ----
10:23:30.929 [main] INFO  - ---- TestCase_16_LoanAmtCalculator_ValidatingLoanTenureTextBoxAndSlider Ended ----
10:23:31.117 [main] INFO  - ---- TestCase_17_LoanAmtCalculator_ScaleChangeForLoanTenureTextBoxAndSlider Started ----
10:23:32.103 [main] INFO  - ---- TestCase_17_LoanAmtCalculator_ScaleChangeForLoanTenureTextBoxAndSlider Ended ----
10:23:32.270 [main] INFO  - ---- TestCase_18_LoanAmtCalculator_ValidatingFeesAndChargesTextBoxAndSlider Started ----
10:23:32.405 [main] INFO  - ---- TestCase_18_LoanAmtCalculator_ValidatingFeesAndChargesTextBoxAndSlider Ended ----
10:23:32.570 [main] INFO  - ---- TestCase_19_LoanAmtCalculator_ValidationForYearAndMonthOption Started ----
10:23:32.666 [main] INFO  - ---- TestCase_19_LoanAmtCalculator_ValidationForYearAndMonthOption Ended ----
10:23:32.833 [main] INFO  - ---- TestCase_20_LoanAmtCalculator_ScaleChangeForFeesAndChargesTextBoxAndSlider Started ----
10:23:33.992 [main] INFO  - ---- TestCase_20_LoanAmtCalculator_ScaleChangeForFeesAndChargesTextBoxAndSlider Ended ----
10:24:45.268 [main] INFO  - ---- TestCase_21_LoanTenureCalculator_ValidatingLoanAmountTextBoxAndSlider Started ----
10:24:45.416 [main] INFO  - ---- TestCase_21_LoanTenureCalculator_ValidatingLoanAmountTextBoxAndSlider Ended ----
10:24:45.616 [main] INFO  - ---- TestCase_22_LoanTenureCalculator_ScaleChangeForLoanAmountTextBoxAndSlider Started ----
10:24:46.616 [main] INFO  - ---- TestCase_22_LoanTenureCalculator_ScaleChangeForLoanAmountTextBoxAndSlider Ended ----
10:24:46.832 [main] INFO  - ---- TestCase_23_LoanTenureCalculator_ValidatingEMITextBoxAndSlider Started ----
10:24:46.958 [main] INFO  - ---- TestCase_23_LoanTenureCalculator_ValidatingEMITextBoxAndSlider Ended ----
10:24:47.148 [main] INFO  - ---- TestCase_24_LoanTenureCalculator_ValidatingInterestRateTextBoxAndSlider Started ----
10:24:47.297 [main] INFO  - ---- TestCase_24_LoanTenureCalculator_ValidatingInterestRateTextBoxAndSlider Ended ----
10:24:47.472 [main] INFO  - ---- TestCase_25_LoanTenureCalculator_ScaleChangeForInterestRateTextBoxAndSlider Started ----
10:24:48.480 [main] INFO  - ---- TestCase_25_LoanTenureCalculator_ScaleChangeForInterestRateTextBoxAndSlider Ended ----
10:24:48.625 [main] INFO  - ---- TestCase_26_LoanTenureCalculator_ValidatingFeesAndChargesTextBoxAndSlider Started ----
10:24:48.757 [main] INFO  - ---- TestCase_26_LoanTenureCalculator_ValidatingFeesAndChargesTextBoxAndSlider Ended ----
10:24:48.913 [main] INFO  - ---- TestCase_27_LoanTenureCalculator_ScaleChangeForFeesAndChargesTextBoxAndSlider Started ----
10:24:49.915 [main] INFO  - ---- TestCase_27_LoanTenureCalculator_ScaleChangeForFeesAndChargesTextBoxAndSlider Ended ----
